11:43:45 **** Build of configuration Debug for project SendOnSwitch_mainapp ****
/Applications/ModusToolbox_1.1/tools/modus-shell-1.0/bin/make -j3 all 
Building file: /Applications/ModusToolbox_1.1/libraries/psoc6sw-1.1/components/psoc6mw/ble/common/cy_ble_common.c
Invoking: GNU ARM Cross C Compiler
Building file: ../Source/ATinterface.c
arm-none-eabi-gcc -mcpu=cortex-m4 -mthumb -mfloat-abi=softfp -Og -ffunction-sections -fdata-sections -Wall  -g3 -DCY8C6347BZI_BLD53 -DDEBUG -DAPP_NAME='"SendOnSwitch_cm4"' -I"/Users/tadmcallister/Onethinx/Onethinx_Modem/OnethinxATCommand/SendOnSwitch_mainapp/OnethinxCore" -I"/Applications/ModusToolbox_1.1/libraries/psoc6sw-1.1/components/psoc6mw/ble/common" -I"/Applications/ModusToolbox_1.1/libraries/psoc6sw-1.1/components/psoc6mw/ble/config/single_cm4_softfp" -I"/Applications/ModusToolbox_1.1/libraries/psoc6sw-1.1/components/psoc6pdl/devices/psoc6/include" -I"/Applications/ModusToolbox_1.1/libraries/psoc6sw-1.1/components/psoc6pdl/cmsis/include" -I"/Applications/ModusToolbox_1.1/libraries/psoc6sw-1.1/components/psoc6pdl/drivers/include" -I"/Users/tadmcallister/Onethinx/Onethinx_Modem/OnethinxATCommand/SendOnSwitch_mainapp/GeneratedSource" -I"/Users/tadmcallister/Onethinx/Onethinx_Modem/OnethinxATCommand/SendOnSwitch_mainapp/Source" -I"/Applications/ModusToolbox_1.1/libraries/psoc6sw-1.1/components/psoc6mw/rtos/FreeRTOS/10.0.1/Source/include" -I"/Applications/ModusToolbox_1.1/libraries/psoc6sw-1.1/components/psoc6mw/rtos/FreeRTOS/10.0.1/Source/portable/GCC/CM4F" -I"/Applications/ModusToolbox_1.1/libraries/psoc6sw-1.1/components/psoc6mw/ble" -I"/Applications/ModusToolbox_1.1/libraries/psoc6sw-1.1/components/psoc6pdl/drivers/source" -I"/Applications/ModusToolbox_1.1/libraries/psoc6sw-1.1/components/psoc6pdl/devices/psoc6/startup/cm4_low" -I"/Applications/ModusToolbox_1.1/libraries/psoc6sw-1.1/components/psoc6pdl/devices/psoc6/startup/cm4_high" -I"/Applications/ModusToolbox_1.1/libraries/psoc6sw-1.1/components/psoc6pdl/devices/psoc6/linker/cm4" -I"/Applications/ModusToolbox_1.1/libraries/psoc6sw-1.1/components/psoc6mw/rtos/FreeRTOS/10.0.1/Source/portable" -I"/Applications/ModusToolbox_1.1/libraries/psoc6sw-1.1/components/psoc6mw/rtos/FreeRTOS/10.0.1/Source" -I"/Applications/ModusToolbox_1.1/libraries/psoc6sw-1.1/components/psoc6mw/ble/config/base" -std=gnu11 -mfpu=fpv4-sp-d16 -ffat-lto-objects -g -MMD -MP -MF"psoc6sw-1.1/components/psoc6mw/ble/common/cy_ble_common.d" -MT"psoc6sw-1.1/components/psoc6mw/ble/common/cy_ble_common.o" -c -o "psoc6sw-1.1/components/psoc6mw/ble/common/cy_ble_common.o" "/Applications/ModusToolbox_1.1/libraries/psoc6sw-1.1/components/psoc6mw/ble/common/cy_ble_common.c"
Building file: ../Source/BLE_Task.c
Invoking: GNU ARM Cross C Compiler
arm-none-eabi-gcc -mcpu=cortex-m4 -mthumb -mfloat-abi=softfp -Og -ffunction-sections -fdata-sections -Wall  -g3 -DCY8C6347BZI_BLD53 -DDEBUG -DAPP_NAME='"SendOnSwitch_cm4"' -I"/Users/tadmcallister/Onethinx/Onethinx_Modem/OnethinxATCommand/SendOnSwitch_mainapp/OnethinxCore" -I"/Applications/ModusToolbox_1.1/libraries/psoc6sw-1.1/components/psoc6mw/ble/common" -I"/Applications/ModusToolbox_1.1/libraries/psoc6sw-1.1/components/psoc6mw/ble/config/single_cm4_softfp" -I"/Applications/ModusToolbox_1.1/libraries/psoc6sw-1.1/components/psoc6pdl/devices/psoc6/include" -I"/Applications/ModusToolbox_1.1/libraries/psoc6sw-1.1/components/psoc6pdl/cmsis/include" -I"/Applications/ModusToolbox_1.1/libraries/psoc6sw-1.1/components/psoc6pdl/drivers/include" -I"/Users/tadmcallister/Onethinx/Onethinx_Modem/OnethinxATCommand/SendOnSwitch_mainapp/GeneratedSource" -I"/Users/tadmcallister/Onethinx/Onethinx_Modem/OnethinxATCommand/SendOnSwitch_mainapp/Source" -I"/Applications/ModusToolbox_1.1/libraries/psoc6sw-1.1/components/psoc6mw/rtos/FreeRTOS/10.0.1/Source/include" -I"/Applications/ModusToolbox_1.1/libraries/psoc6sw-1.1/components/psoc6mw/rtos/FreeRTOS/10.0.1/Source/portable/GCC/CM4F" -I"/Applications/ModusToolbox_1.1/libraries/psoc6sw-1.1/components/psoc6mw/ble" -I"/Applications/ModusToolbox_1.1/libraries/psoc6sw-1.1/components/psoc6pdl/drivers/source" -I"/Applications/ModusToolbox_1.1/libraries/psoc6sw-1.1/components/psoc6pdl/devices/psoc6/startup/cm4_low" -I"/Applications/ModusToolbox_1.1/libraries/psoc6sw-1.1/components/psoc6pdl/devices/psoc6/startup/cm4_high" -I"/Applications/ModusToolbox_1.1/libraries/psoc6sw-1.1/components/psoc6pdl/devices/psoc6/linker/cm4" -I"/Applications/ModusToolbox_1.1/libraries/psoc6sw-1.1/components/psoc6mw/rtos/FreeRTOS/10.0.1/Source/portable" -I"/Applications/ModusToolbox_1.1/libraries/psoc6sw-1.1/components/psoc6mw/rtos/FreeRTOS/10.0.1/Source" -I"/Applications/ModusToolbox_1.1/libraries/psoc6sw-1.1/components/psoc6mw/ble/config/base" -std=gnu11 -mfpu=fpv4-sp-d16 -ffat-lto-objects -g -MMD -MP -MF"Source/ATinterface.d" -MT"Source/ATinterface.o" -c -o "Source/ATinterface.o" "../Source/ATinterface.c"
Invoking: GNU ARM Cross C Compiler
arm-none-eabi-gcc -mcpu=cortex-m4 -mthumb -mfloat-abi=softfp -Og -ffunction-sections -fdata-sections -Wall  -g3 -DCY8C6347BZI_BLD53 -DDEBUG -DAPP_NAME='"SendOnSwitch_cm4"' -I"/Users/tadmcallister/Onethinx/Onethinx_Modem/OnethinxATCommand/SendOnSwitch_mainapp/OnethinxCore" -I"/Applications/ModusToolbox_1.1/libraries/psoc6sw-1.1/components/psoc6mw/ble/common" -I"/Applications/ModusToolbox_1.1/libraries/psoc6sw-1.1/components/psoc6mw/ble/config/single_cm4_softfp" -I"/Applications/ModusToolbox_1.1/libraries/psoc6sw-1.1/components/psoc6pdl/devices/psoc6/include" -I"/Applications/ModusToolbox_1.1/libraries/psoc6sw-1.1/components/psoc6pdl/cmsis/include" -I"/Applications/ModusToolbox_1.1/libraries/psoc6sw-1.1/components/psoc6pdl/drivers/include" -I"/Users/tadmcallister/Onethinx/Onethinx_Modem/OnethinxATCommand/SendOnSwitch_mainapp/GeneratedSource" -I"/Users/tadmcallister/Onethinx/Onethinx_Modem/OnethinxATCommand/SendOnSwitch_mainapp/Source" -I"/Applications/ModusToolbox_1.1/libraries/psoc6sw-1.1/components/psoc6mw/rtos/FreeRTOS/10.0.1/Source/include" -I"/Applications/ModusToolbox_1.1/libraries/psoc6sw-1.1/components/psoc6mw/rtos/FreeRTOS/10.0.1/Source/portable/GCC/CM4F" -I"/Applications/ModusToolbox_1.1/libraries/psoc6sw-1.1/components/psoc6mw/ble" -I"/Applications/ModusToolbox_1.1/libraries/psoc6sw-1.1/components/psoc6pdl/drivers/source" -I"/Applications/ModusToolbox_1.1/libraries/psoc6sw-1.1/components/psoc6pdl/devices/psoc6/startup/cm4_low" -I"/Applications/ModusToolbox_1.1/libraries/psoc6sw-1.1/components/psoc6pdl/devices/psoc6/startup/cm4_high" -I"/Applications/ModusToolbox_1.1/libraries/psoc6sw-1.1/components/psoc6pdl/devices/psoc6/linker/cm4" -I"/Applications/ModusToolbox_1.1/libraries/psoc6sw-1.1/components/psoc6mw/rtos/FreeRTOS/10.0.1/Source/portable" -I"/Applications/ModusToolbox_1.1/libraries/psoc6sw-1.1/components/psoc6mw/rtos/FreeRTOS/10.0.1/Source" -I"/Applications/ModusToolbox_1.1/libraries/psoc6sw-1.1/components/psoc6mw/ble/config/base" -std=gnu11 -mfpu=fpv4-sp-d16 -ffat-lto-objects -g -MMD -MP -MF"Source/BLE_Task.d" -MT"Source/BLE_Task.o" -c -o "Source/BLE_Task.o" "../Source/BLE_Task.c"
In file included from ../Source/ATinterface.c:19:0:
/Users/tadmcallister/Onethinx/Onethinx_Modem/OnethinxATCommand/SendOnSwitch_mainapp/OnethinxCore/LoRaWAN_keys.h:37:31: warning: missing braces around initializer [-Wmissing-braces]
 LoRaWAN_keys_t TTN_OTAAkeys = {
                               ^
/Users/tadmcallister/Onethinx/Onethinx_Modem/OnethinxATCommand/SendOnSwitch_mainapp/OnethinxCore/LoRaWAN_keys.h:40:26:
  .OTAA_10x.DevEui    = { 0x00, 0x3E, 0xEE, 0xB0, 0xC0, 0x93, 0xF1, 0xBE },
                          {                                              }
/Users/tadmcallister/Onethinx/Onethinx_Modem/OnethinxATCommand/SendOnSwitch_mainapp/OnethinxCore/LoRaWAN_keys.h:37:31: warning: missing braces around initializer [-Wmissing-braces]
 LoRaWAN_keys_t TTN_OTAAkeys = {
                               ^
/Users/tadmcallister/Onethinx/Onethinx_Modem/OnethinxATCommand/SendOnSwitch_mainapp/OnethinxCore/LoRaWAN_keys.h:40:26:
  .OTAA_10x.DevEui    = { 0x00, 0x3E, 0xEE, 0xB0, 0xC0, 0x93, 0xF1, 0xBE },
                          {                                              }}
                                                                          }
  .OTAA_10x.AppEui    = { 0x70, 0xB3, 0xD5, 0x7E, 0xD0, 0x02, 0x14, 0x9E },
                          {                                              }
/Users/tadmcallister/Onethinx/Onethinx_Modem/OnethinxATCommand/SendOnSwitch_mainapp/OnethinxCore/LoRaWAN_keys.h:37:31: warning: missing braces around initializer [-Wmissing-braces]
 LoRaWAN_keys_t TTN_OTAAkeys = {
                               ^
/Users/tadmcallister/Onethinx/Onethinx_Modem/OnethinxATCommand/SendOnSwitch_mainapp/OnethinxCore/LoRaWAN_keys.h:40:26:
  .OTAA_10x.DevEui    = { 0x00, 0x3E, 0xEE, 0xB0, 0xC0, 0x93, 0xF1, 0xBE },
                          {                                              }}
                                                                          }
  .OTAA_10x.AppEui    = { 0x70, 0xB3, 0xD5, 0x7E, 0xD0, 0x02, 0x14, 0x9E },
                          {                                              }}
                                                                          }
  .OTAA_10x.AppKey    = { 0xA6, 0x30, 0xA2, 0x3C, 0x2A, 0xBE, 0x8D, 0xC7, 0x56, 0x4C, 0xBA, 0x05, 0xA0, 0xE9, 0x88, 0x03 }
                          {                                                                                              }
/Users/tadmcallister/Onethinx/Onethinx_Modem/OnethinxATCommand/SendOnSwitch_mainapp/OnethinxCore/LoRaWAN_keys.h:37:31: warning: missing braces around initializer [-Wmissing-braces]
 LoRaWAN_keys_t TTN_OTAAkeys = {
                               ^
/Users/tadmcallister/Onethinx/Onethinx_Modem/OnethinxATCommand/SendOnSwitch_mainapp/OnethinxCore/LoRaWAN_keys.h:40:26:
  .OTAA_10x.DevEui    = { 0x00, 0x3E, 0xEE, 0xB0, 0xC0, 0x93, 0xF1, 0xBE },
                          {                                              }}
                                                                          }
  .OTAA_10x.AppEui    = { 0x70, 0xB3, 0xD5, 0x7E, 0xD0, 0x02, 0x14, 0x9E },
                          {                                              }}
                                                                          }
  .OTAA_10x.AppKey    = { 0xA6, 0x30, 0xA2, 0x3C, 0x2A, 0xBE, 0x8D, 0xC7, 0x56, 0x4C, 0xBA, 0x05, 0xA0, 0xE9, 0x88, 0x03 }
                          {                                                                                              }
 };
 }
 }
../Source/ATinterface.c: In function 'uint16toDecimalBuilder':
../Source/ATinterface.c:145:12: warning: pointer targets in return differ in signedness [-Wpointer-sign]
     return tmpBUF;
            ^~~~~~
../Source/ATinterface.c: In function 'uint32toHexBuilder':
../Source/ATinterface.c:169:12: warning: pointer targets in return differ in signedness [-Wpointer-sign]
     return tmpBUF;
            ^~~~~~
../Source/ATinterface.c: In function 'bytestoHexBuilder':
../Source/ATinterface.c:184:12: warning: pointer targets in return differ in signedness [-Wpointer-sign]
     return tmpBUF;
            ^~~~~~
../Source/ATinterface.c: In function 'stringBuilder':
../Source/ATinterface.c:190:5: warning: statement with no effect [-Wunused-value]
     for (; tmpBUFIDX < 255; tmpBUFIDX)
     ^~~
../Source/ATinterface.c:196:12: warning: pointer targets in return differ in signedness [-Wpointer-sign]
     return tmpBUF;
            ^~~~~~
../Source/ATinterface.c: In function 'execCommand':
../Source/ATinterface.c:322:38: warning: pointer targets in passing argument 1 of 'HEXtoBytes' differ in signedness [-Wpointer-sign]
             if ((retErr = HEXtoBytes(&cmdBUF[cmdLength + 3], (uint8_t *) &LoRaWAN_keys.OTAA_10x.DevEui, 8)) != resp_ok) return outputResponse(retErr, 0);
                                      ^
../Source/ATinterface.c:273:12: note: expected 'char *' but argument is of type 'uint8_t * {aka unsigned char *}'
 response_t HEXtoBytes(char * source, uint8_t * dest, uint8_t byteSize)
            ^~~~~~~~~~
../Source/ATinterface.c:323:38: warning: pointer targets in passing argument 1 of 'HEXtoBytes' differ in signedness [-Wpointer-sign]
             if ((retErr = HEXtoBytes(&cmdBUF[cmdLength + 20], (uint8_t *) &LoRaWAN_keys.OTAA_10x.AppEui, 8)) != resp_ok) return outputResponse(retErr, 0);
                                      ^
../Source/ATinterface.c:273:12: note: expected 'char *' but argument is of type 'uint8_t * {aka unsigned char *}'
 response_t HEXtoBytes(char * source, uint8_t * dest, uint8_t byteSize)
            ^~~~~~~~~~
../Source/ATinterface.c:324:38: warning: pointer targets in passing argument 1 of 'HEXtoBytes' differ in signedness [-Wpointer-sign]
             if ((retErr = HEXtoBytes(&cmdBUF[cmdLength + 37], (uint8_t *) &LoRaWAN_keys.OTAA_10x.AppKey, 16)) != resp_ok) return outputResponse(retErr, 0);
                                      ^
../Source/ATinterface.c:273:12: note: expected 'char *' but argument is of type 'uint8_t * {aka unsigned char *}'
 response_t HEXtoBytes(char * source, uint8_t * dest, uint8_t byteSize)
            ^~~~~~~~~~
../Source/ATinterface.c:337:38: warning: pointer targets in passing argument 1 of 'HEXtoBytes' differ in signedness [-Wpointer-sign]
             if ((retErr = HEXtoBytes(&cmdBUF[cmdLength + 1], (uint8_t *) &tmpBUF, length)) != resp_ok) return outputResponse(retErr, 0);
                                      ^
../Source/ATinterface.c:273:12: note: expected 'char *' but argument is of type 'uint8_t * {aka unsigned char *}'
 response_t HEXtoBytes(char * source, uint8_t * dest, uint8_t byteSize)
            ^~~~~~~~~~
../Source/BLE_Task.c: In function 'BleFindMe_Process':
../Source/BLE_Task.c:139:16: warning: variable 'rtosApiResult' set but not used [-Wunused-but-set-variable]
     BaseType_t rtosApiResult;
                ^~~~~~~~~~~~~
../Source/BLE_Task.c: In function 'StackEventHandler':
../Source/BLE_Task.c:196:16: warning: variable 'rtosApiResult' set but not used [-Wunused-but-set-variable]
     BaseType_t rtosApiResult;
                ^~~~~~~~~~~~~
Finished building: ../Source/BLE_Task.c
Finished building: /Applications/ModusToolbox_1.1/libraries/psoc6sw-1.1/components/psoc6mw/ble/common/cy_ble_common.c
 
 
Building file: ../Source/LED_Task.c
Building file: ../Source/main.c
Invoking: GNU ARM Cross C Compiler
arm-none-eabi-gcc -mcpu=cortex-m4 -mthumb -mfloat-abi=softfp -Og -ffunction-sections -fdata-sections -Wall  -g3 -DCY8C6347BZI_BLD53 -DDEBUG -DAPP_NAME='"SendOnSwitch_cm4"' -I"/Users/tadmcallister/Onethinx/Onethinx_Modem/OnethinxATCommand/SendOnSwitch_mainapp/OnethinxCore" -I"/Applications/ModusToolbox_1.1/libraries/psoc6sw-1.1/components/psoc6mw/ble/common" -I"/Applications/ModusToolbox_1.1/libraries/psoc6sw-1.1/components/psoc6mw/ble/config/single_cm4_softfp" -I"/Applications/ModusToolbox_1.1/libraries/psoc6sw-1.1/components/psoc6pdl/devices/psoc6/include" -I"/Applications/ModusToolbox_1.1/libraries/psoc6sw-1.1/components/psoc6pdl/cmsis/include" -I"/Applications/ModusToolbox_1.1/libraries/psoc6sw-1.1/components/psoc6pdl/drivers/include" -I"/Users/tadmcallister/Onethinx/Onethinx_Modem/OnethinxATCommand/SendOnSwitch_mainapp/GeneratedSource" -I"/Users/tadmcallister/Onethinx/Onethinx_Modem/OnethinxATCommand/SendOnSwitch_mainapp/Source" -I"/Applications/ModusToolbox_1.1/libraries/psoc6sw-1.1/components/psoc6mw/rtos/FreeRTOS/10.0.1/Source/include" -I"/Applications/ModusToolbox_1.1/libraries/psoc6sw-1.1/components/psoc6mw/rtos/FreeRTOS/10.0.1/Source/portable/GCC/CM4F" -I"/Applications/ModusToolbox_1.1/libraries/psoc6sw-1.1/components/psoc6mw/ble" -I"/Applications/ModusToolbox_1.1/libraries/psoc6sw-1.1/components/psoc6pdl/drivers/source" -I"/Applications/ModusToolbox_1.1/libraries/psoc6sw-1.1/components/psoc6pdl/devices/psoc6/startup/cm4_low" -I"/Applications/ModusToolbox_1.1/libraries/psoc6sw-1.1/components/psoc6pdl/devices/psoc6/startup/cm4_high" -I"/Applications/ModusToolbox_1.1/libraries/psoc6sw-1.1/components/psoc6pdl/devices/psoc6/linker/cm4" -I"/Applications/ModusToolbox_1.1/libraries/psoc6sw-1.1/components/psoc6mw/rtos/FreeRTOS/10.0.1/Source/portable" -I"/Applications/ModusToolbox_1.1/libraries/psoc6sw-1.1/components/psoc6mw/rtos/FreeRTOS/10.0.1/Source" -I"/Applications/ModusToolbox_1.1/libraries/psoc6sw-1.1/components/psoc6mw/ble/config/base" -std=gnu11 -mfpu=fpv4-sp-d16 -ffat-lto-objects -g -MMD -MP -MF"Source/LED_Task.d" -MT"Source/LED_Task.o" -c -o "Source/LED_Task.o" "../Source/LED_Task.c"
Invoking: GNU ARM Cross C Compiler
arm-none-eabi-gcc -mcpu=cortex-m4 -mthumb -mfloat-abi=softfp -Og -ffunction-sections -fdata-sections -Wall  -g3 -DCY8C6347BZI_BLD53 -DDEBUG -DAPP_NAME='"SendOnSwitch_cm4"' -I"/Users/tadmcallister/Onethinx/Onethinx_Modem/OnethinxATCommand/SendOnSwitch_mainapp/OnethinxCore" -I"/Applications/ModusToolbox_1.1/libraries/psoc6sw-1.1/components/psoc6mw/ble/common" -I"/Applications/ModusToolbox_1.1/libraries/psoc6sw-1.1/components/psoc6mw/ble/config/single_cm4_softfp" -I"/Applications/ModusToolbox_1.1/libraries/psoc6sw-1.1/components/psoc6pdl/devices/psoc6/include" -I"/Applications/ModusToolbox_1.1/libraries/psoc6sw-1.1/components/psoc6pdl/cmsis/include" -I"/Applications/ModusToolbox_1.1/libraries/psoc6sw-1.1/components/psoc6pdl/drivers/include" -I"/Users/tadmcallister/Onethinx/Onethinx_Modem/OnethinxATCommand/SendOnSwitch_mainapp/GeneratedSource" -I"/Users/tadmcallister/Onethinx/Onethinx_Modem/OnethinxATCommand/SendOnSwitch_mainapp/Source" -I"/Applications/ModusToolbox_1.1/libraries/psoc6sw-1.1/components/psoc6mw/rtos/FreeRTOS/10.0.1/Source/include" -I"/Applications/ModusToolbox_1.1/libraries/psoc6sw-1.1/components/psoc6mw/rtos/FreeRTOS/10.0.1/Source/portable/GCC/CM4F" -I"/Applications/ModusToolbox_1.1/libraries/psoc6sw-1.1/components/psoc6mw/ble" -I"/Applications/ModusToolbox_1.1/libraries/psoc6sw-1.1/components/psoc6pdl/drivers/source" -I"/Applications/ModusToolbox_1.1/libraries/psoc6sw-1.1/components/psoc6pdl/devices/psoc6/startup/cm4_low" -I"/Applications/ModusToolbox_1.1/libraries/psoc6sw-1.1/components/psoc6pdl/devices/psoc6/startup/cm4_high" -I"/Applications/ModusToolbox_1.1/libraries/psoc6sw-1.1/components/psoc6pdl/devices/psoc6/linker/cm4" -I"/Applications/ModusToolbox_1.1/libraries/psoc6sw-1.1/components/psoc6mw/rtos/FreeRTOS/10.0.1/Source/portable" -I"/Applications/ModusToolbox_1.1/libraries/psoc6sw-1.1/components/psoc6mw/rtos/FreeRTOS/10.0.1/Source" -I"/Applications/ModusToolbox_1.1/libraries/psoc6sw-1.1/components/psoc6mw/ble/config/base" -std=gnu11 -mfpu=fpv4-sp-d16 -ffat-lto-objects -g -MMD -MP -MF"Source/main.d" -MT"Source/main.o" -c -o "Source/main.o" "../Source/main.c"
Finished building: ../Source/ATinterface.c
 
Building file: ../GeneratedSource/cycfg.c
Invoking: GNU ARM Cross C Compiler
arm-none-eabi-gcc -mcpu=cortex-m4 -mthumb -mfloat-abi=softfp -Og -ffunction-sections -fdata-sections -Wall  -g3 -DCY8C6347BZI_BLD53 -DDEBUG -DAPP_NAME='"SendOnSwitch_cm4"' -I"/Users/tadmcallister/Onethinx/Onethinx_Modem/OnethinxATCommand/SendOnSwitch_mainapp/OnethinxCore" -I"/Applications/ModusToolbox_1.1/libraries/psoc6sw-1.1/components/psoc6mw/ble/common" -I"/Applications/ModusToolbox_1.1/libraries/psoc6sw-1.1/components/psoc6mw/ble/config/single_cm4_softfp" -I"/Applications/ModusToolbox_1.1/libraries/psoc6sw-1.1/components/psoc6pdl/devices/psoc6/include" -I"/Applications/ModusToolbox_1.1/libraries/psoc6sw-1.1/components/psoc6pdl/cmsis/include" -I"/Applications/ModusToolbox_1.1/libraries/psoc6sw-1.1/components/psoc6pdl/drivers/include" -I"/Users/tadmcallister/Onethinx/Onethinx_Modem/OnethinxATCommand/SendOnSwitch_mainapp/GeneratedSource" -I"/Users/tadmcallister/Onethinx/Onethinx_Modem/OnethinxATCommand/SendOnSwitch_mainapp/Source" -I"/Applications/ModusToolbox_1.1/libraries/psoc6sw-1.1/components/psoc6mw/rtos/FreeRTOS/10.0.1/Source/include" -I"/Applications/ModusToolbox_1.1/libraries/psoc6sw-1.1/components/psoc6mw/rtos/FreeRTOS/10.0.1/Source/portable/GCC/CM4F" -I"/Applications/ModusToolbox_1.1/libraries/psoc6sw-1.1/components/psoc6mw/ble" -I"/Applications/ModusToolbox_1.1/libraries/psoc6sw-1.1/components/psoc6pdl/drivers/source" -I"/Applications/ModusToolbox_1.1/libraries/psoc6sw-1.1/components/psoc6pdl/devices/psoc6/startup/cm4_low" -I"/Applications/ModusToolbox_1.1/libraries/psoc6sw-1.1/components/psoc6pdl/devices/psoc6/startup/cm4_high" -I"/Applications/ModusToolbox_1.1/libraries/psoc6sw-1.1/components/psoc6pdl/devices/psoc6/linker/cm4" -I"/Applications/ModusToolbox_1.1/libraries/psoc6sw-1.1/components/psoc6mw/rtos/FreeRTOS/10.0.1/Source/portable" -I"/Applications/ModusToolbox_1.1/libraries/psoc6sw-1.1/components/psoc6mw/rtos/FreeRTOS/10.0.1/Source" -I"/Applications/ModusToolbox_1.1/libraries/psoc6sw-1.1/components/psoc6mw/ble/config/base" -std=gnu11 -mfpu=fpv4-sp-d16 -ffat-lto-objects -g -MMD -MP -MF"GeneratedSource/cycfg.d" -MT"GeneratedSource/cycfg.o" -c -o "GeneratedSource/cycfg.o" "../GeneratedSource/cycfg.c"
../Source/LED_Task.c: In function 'StatusLedOrangeTimerCallback':
../Source/LED_Task.c:274:9: warning: multi-line comment [-Wcomment]
         //("Failure! : Status LED - Sending data to Status LED "\
         ^
../Source/main.c: In function 'MON_TASK':
../Source/main.c:93:13: warning: variable 'rtosApiResult' set but not used [-Wunused-but-set-variable]
  BaseType_t rtosApiResult;
             ^~~~~~~~~~~~~
Finished building: ../Source/LED_Task.c
 
Building file: ../GeneratedSource/cycfg_ble.c
Invoking: GNU ARM Cross C Compiler
arm-none-eabi-gcc -mcpu=cortex-m4 -mthumb -mfloat-abi=softfp -Og -ffunction-sections -fdata-sections -Wall  -g3 -DCY8C6347BZI_BLD53 -DDEBUG -DAPP_NAME='"SendOnSwitch_cm4"' -I"/Users/tadmcallister/Onethinx/Onethinx_Modem/OnethinxATCommand/SendOnSwitch_mainapp/OnethinxCore" -I"/Applications/ModusToolbox_1.1/libraries/psoc6sw-1.1/components/psoc6mw/ble/common" -I"/Applications/ModusToolbox_1.1/libraries/psoc6sw-1.1/components/psoc6mw/ble/config/single_cm4_softfp" -I"/Applications/ModusToolbox_1.1/libraries/psoc6sw-1.1/components/psoc6pdl/devices/psoc6/include" -I"/Applications/ModusToolbox_1.1/libraries/psoc6sw-1.1/components/psoc6pdl/cmsis/include" -I"/Applications/ModusToolbox_1.1/libraries/psoc6sw-1.1/components/psoc6pdl/drivers/include" -I"/Users/tadmcallister/Onethinx/Onethinx_Modem/OnethinxATCommand/SendOnSwitch_mainapp/GeneratedSource" -I"/Users/tadmcallister/Onethinx/Onethinx_Modem/OnethinxATCommand/SendOnSwitch_mainapp/Source" -I"/Applications/ModusToolbox_1.1/libraries/psoc6sw-1.1/components/psoc6mw/rtos/FreeRTOS/10.0.1/Source/include" -I"/Applications/ModusToolbox_1.1/libraries/psoc6sw-1.1/components/psoc6mw/rtos/FreeRTOS/10.0.1/Source/portable/GCC/CM4F" -I"/Applications/ModusToolbox_1.1/libraries/psoc6sw-1.1/components/psoc6mw/ble" -I"/Applications/ModusToolbox_1.1/libraries/psoc6sw-1.1/components/psoc6pdl/drivers/source" -I"/Applications/ModusToolbox_1.1/libraries/psoc6sw-1.1/components/psoc6pdl/devices/psoc6/startup/cm4_low" -I"/Applications/ModusToolbox_1.1/libraries/psoc6sw-1.1/components/psoc6pdl/devices/psoc6/startup/cm4_high" -I"/Applications/ModusToolbox_1.1/libraries/psoc6sw-1.1/components/psoc6pdl/devices/psoc6/linker/cm4" -I"/Applications/ModusToolbox_1.1/libraries/psoc6sw-1.1/components/psoc6mw/rtos/FreeRTOS/10.0.1/Source/portable" -I"/Applications/ModusToolbox_1.1/libraries/psoc6sw-1.1/components/psoc6mw/rtos/FreeRTOS/10.0.1/Source" -I"/Applications/ModusToolbox_1.1/libraries/psoc6sw-1.1/components/psoc6mw/ble/config/base" -std=gnu11 -mfpu=fpv4-sp-d16 -ffat-lto-objects -g -MMD -MP -MF"GeneratedSource/cycfg_ble.d" -MT"GeneratedSource/cycfg_ble.o" -c -o "GeneratedSource/cycfg_ble.o" "../GeneratedSource/cycfg_ble.c"
Finished building: ../GeneratedSource/cycfg.c
 
Building file: ../GeneratedSource/cycfg_clocks.c
Invoking: GNU ARM Cross C Compiler
arm-none-eabi-gcc -mcpu=cortex-m4 -mthumb -mfloat-abi=softfp -Og -ffunction-sections -fdata-sections -Wall  -g3 -DCY8C6347BZI_BLD53 -DDEBUG -DAPP_NAME='"SendOnSwitch_cm4"' -I"/Users/tadmcallister/Onethinx/Onethinx_Modem/OnethinxATCommand/SendOnSwitch_mainapp/OnethinxCore" -I"/Applications/ModusToolbox_1.1/libraries/psoc6sw-1.1/components/psoc6mw/ble/common" -I"/Applications/ModusToolbox_1.1/libraries/psoc6sw-1.1/components/psoc6mw/ble/config/single_cm4_softfp" -I"/Applications/ModusToolbox_1.1/libraries/psoc6sw-1.1/components/psoc6pdl/devices/psoc6/include" -I"/Applications/ModusToolbox_1.1/libraries/psoc6sw-1.1/components/psoc6pdl/cmsis/include" -I"/Applications/ModusToolbox_1.1/libraries/psoc6sw-1.1/components/psoc6pdl/drivers/include" -I"/Users/tadmcallister/Onethinx/Onethinx_Modem/OnethinxATCommand/SendOnSwitch_mainapp/GeneratedSource" -I"/Users/tadmcallister/Onethinx/Onethinx_Modem/OnethinxATCommand/SendOnSwitch_mainapp/Source" -I"/Applications/ModusToolbox_1.1/libraries/psoc6sw-1.1/components/psoc6mw/rtos/FreeRTOS/10.0.1/Source/include" -I"/Applications/ModusToolbox_1.1/libraries/psoc6sw-1.1/components/psoc6mw/rtos/FreeRTOS/10.0.1/Source/portable/GCC/CM4F" -I"/Applications/ModusToolbox_1.1/libraries/psoc6sw-1.1/components/psoc6mw/ble" -I"/Applications/ModusToolbox_1.1/libraries/psoc6sw-1.1/components/psoc6pdl/drivers/source" -I"/Applications/ModusToolbox_1.1/libraries/psoc6sw-1.1/components/psoc6pdl/devices/psoc6/startup/cm4_low" -I"/Applications/ModusToolbox_1.1/libraries/psoc6sw-1.1/components/psoc6pdl/devices/psoc6/startup/cm4_high" -I"/Applications/ModusToolbox_1.1/libraries/psoc6sw-1.1/components/psoc6pdl/devices/psoc6/linker/cm4" -I"/Applications/ModusToolbox_1.1/libraries/psoc6sw-1.1/components/psoc6mw/rtos/FreeRTOS/10.0.1/Source/portable" -I"/Applications/ModusToolbox_1.1/libraries/psoc6sw-1.1/components/psoc6mw/rtos/FreeRTOS/10.0.1/Source" -I"/Applications/ModusToolbox_1.1/libraries/psoc6sw-1.1/components/psoc6mw/ble/config/base" -std=gnu11 -mfpu=fpv4-sp-d16 -ffat-lto-objects -g -MMD -MP -MF"GeneratedSource/cycfg_clocks.d" -MT"GeneratedSource/cycfg_clocks.o" -c -o "GeneratedSource/cycfg_clocks.o" "../GeneratedSource/cycfg_clocks.c"
Finished building: ../Source/main.c
 
Building file: ../GeneratedSource/cycfg_peripherals.c
Invoking: GNU ARM Cross C Compiler
arm-none-eabi-gcc -mcpu=cortex-m4 -mthumb -mfloat-abi=softfp -Og -ffunction-sections -fdata-sections -Wall  -g3 -DCY8C6347BZI_BLD53 -DDEBUG -DAPP_NAME='"SendOnSwitch_cm4"' -I"/Users/tadmcallister/Onethinx/Onethinx_Modem/OnethinxATCommand/SendOnSwitch_mainapp/OnethinxCore" -I"/Applications/ModusToolbox_1.1/libraries/psoc6sw-1.1/components/psoc6mw/ble/common" -I"/Applications/ModusToolbox_1.1/libraries/psoc6sw-1.1/components/psoc6mw/ble/config/single_cm4_softfp" -I"/Applications/ModusToolbox_1.1/libraries/psoc6sw-1.1/components/psoc6pdl/devices/psoc6/include" -I"/Applications/ModusToolbox_1.1/libraries/psoc6sw-1.1/components/psoc6pdl/cmsis/include" -I"/Applications/ModusToolbox_1.1/libraries/psoc6sw-1.1/components/psoc6pdl/drivers/include" -I"/Users/tadmcallister/Onethinx/Onethinx_Modem/OnethinxATCommand/SendOnSwitch_mainapp/GeneratedSource" -I"/Users/tadmcallister/Onethinx/Onethinx_Modem/OnethinxATCommand/SendOnSwitch_mainapp/Source" -I"/Applications/ModusToolbox_1.1/libraries/psoc6sw-1.1/components/psoc6mw/rtos/FreeRTOS/10.0.1/Source/include" -I"/Applications/ModusToolbox_1.1/libraries/psoc6sw-1.1/components/psoc6mw/rtos/FreeRTOS/10.0.1/Source/portable/GCC/CM4F" -I"/Applications/ModusToolbox_1.1/libraries/psoc6sw-1.1/components/psoc6mw/ble" -I"/Applications/ModusToolbox_1.1/libraries/psoc6sw-1.1/components/psoc6pdl/drivers/source" -I"/Applications/ModusToolbox_1.1/libraries/psoc6sw-1.1/components/psoc6pdl/devices/psoc6/startup/cm4_low" -I"/Applications/ModusToolbox_1.1/libraries/psoc6sw-1.1/components/psoc6pdl/devices/psoc6/startup/cm4_high" -I"/Applications/ModusToolbox_1.1/libraries/psoc6sw-1.1/components/psoc6pdl/devices/psoc6/linker/cm4" -I"/Applications/ModusToolbox_1.1/libraries/psoc6sw-1.1/components/psoc6mw/rtos/FreeRTOS/10.0.1/Source/portable" -I"/Applications/ModusToolbox_1.1/libraries/psoc6sw-1.1/components/psoc6mw/rtos/FreeRTOS/10.0.1/Source" -I"/Applications/ModusToolbox_1.1/libraries/psoc6sw-1.1/components/psoc6mw/ble/config/base" -std=gnu11 -mfpu=fpv4-sp-d16 -ffat-lto-objects -g -MMD -MP -MF"GeneratedSource/cycfg_peripherals.d" -MT"GeneratedSource/cycfg_peripherals.o" -c -o "GeneratedSource/cycfg_peripherals.o" "../GeneratedSource/cycfg_peripherals.c"
Finished building: ../GeneratedSource/cycfg_clocks.c
 
Building file: ../GeneratedSource/cycfg_pins.c
Invoking: GNU ARM Cross C Compiler
arm-none-eabi-gcc -mcpu=cortex-m4 -mthumb -mfloat-abi=softfp -Og -ffunction-sections -fdata-sections -Wall  -g3 -DCY8C6347BZI_BLD53 -DDEBUG -DAPP_NAME='"SendOnSwitch_cm4"' -I"/Users/tadmcallister/Onethinx/Onethinx_Modem/OnethinxATCommand/SendOnSwitch_mainapp/OnethinxCore" -I"/Applications/ModusToolbox_1.1/libraries/psoc6sw-1.1/components/psoc6mw/ble/common" -I"/Applications/ModusToolbox_1.1/libraries/psoc6sw-1.1/components/psoc6mw/ble/config/single_cm4_softfp" -I"/Applications/ModusToolbox_1.1/libraries/psoc6sw-1.1/components/psoc6pdl/devices/psoc6/include" -I"/Applications/ModusToolbox_1.1/libraries/psoc6sw-1.1/components/psoc6pdl/cmsis/include" -I"/Applications/ModusToolbox_1.1/libraries/psoc6sw-1.1/components/psoc6pdl/drivers/include" -I"/Users/tadmcallister/Onethinx/Onethinx_Modem/OnethinxATCommand/SendOnSwitch_mainapp/GeneratedSource" -I"/Users/tadmcallister/Onethinx/Onethinx_Modem/OnethinxATCommand/SendOnSwitch_mainapp/Source" -I"/Applications/ModusToolbox_1.1/libraries/psoc6sw-1.1/components/psoc6mw/rtos/FreeRTOS/10.0.1/Source/include" -I"/Applications/ModusToolbox_1.1/libraries/psoc6sw-1.1/components/psoc6mw/rtos/FreeRTOS/10.0.1/Source/portable/GCC/CM4F" -I"/Applications/ModusToolbox_1.1/libraries/psoc6sw-1.1/components/psoc6mw/ble" -I"/Applications/ModusToolbox_1.1/libraries/psoc6sw-1.1/components/psoc6pdl/drivers/source" -I"/Applications/ModusToolbox_1.1/libraries/psoc6sw-1.1/components/psoc6pdl/devices/psoc6/startup/cm4_low" -I"/Applications/ModusToolbox_1.1/libraries/psoc6sw-1.1/components/psoc6pdl/devices/psoc6/startup/cm4_high" -I"/Applications/ModusToolbox_1.1/libraries/psoc6sw-1.1/components/psoc6pdl/devices/psoc6/linker/cm4" -I"/Applications/ModusToolbox_1.1/libraries/psoc6sw-1.1/components/psoc6mw/rtos/FreeRTOS/10.0.1/Source/portable" -I"/Applications/ModusToolbox_1.1/libraries/psoc6sw-1.1/components/psoc6mw/rtos/FreeRTOS/10.0.1/Source" -I"/Applications/ModusToolbox_1.1/libraries/psoc6sw-1.1/components/psoc6mw/ble/config/base" -std=gnu11 -mfpu=fpv4-sp-d16 -ffat-lto-objects -g -MMD -MP -MF"GeneratedSource/cycfg_pins.d" -MT"GeneratedSource/cycfg_pins.o" -c -o "GeneratedSource/cycfg_pins.o" "../GeneratedSource/cycfg_pins.c"
Finished building: ../GeneratedSource/cycfg_ble.c
 
Building file: ../GeneratedSource/cycfg_platform.c
Invoking: GNU ARM Cross C Compiler
arm-none-eabi-gcc -mcpu=cortex-m4 -mthumb -mfloat-abi=softfp -Og -ffunction-sections -fdata-sections -Wall  -g3 -DCY8C6347BZI_BLD53 -DDEBUG -DAPP_NAME='"SendOnSwitch_cm4"' -I"/Users/tadmcallister/Onethinx/Onethinx_Modem/OnethinxATCommand/SendOnSwitch_mainapp/OnethinxCore" -I"/Applications/ModusToolbox_1.1/libraries/psoc6sw-1.1/components/psoc6mw/ble/common" -I"/Applications/ModusToolbox_1.1/libraries/psoc6sw-1.1/components/psoc6mw/ble/config/single_cm4_softfp" -I"/Applications/ModusToolbox_1.1/libraries/psoc6sw-1.1/components/psoc6pdl/devices/psoc6/include" -I"/Applications/ModusToolbox_1.1/libraries/psoc6sw-1.1/components/psoc6pdl/cmsis/include" -I"/Applications/ModusToolbox_1.1/libraries/psoc6sw-1.1/components/psoc6pdl/drivers/include" -I"/Users/tadmcallister/Onethinx/Onethinx_Modem/OnethinxATCommand/SendOnSwitch_mainapp/GeneratedSource" -I"/Users/tadmcallister/Onethinx/Onethinx_Modem/OnethinxATCommand/SendOnSwitch_mainapp/Source" -I"/Applications/ModusToolbox_1.1/libraries/psoc6sw-1.1/components/psoc6mw/rtos/FreeRTOS/10.0.1/Source/include" -I"/Applications/ModusToolbox_1.1/libraries/psoc6sw-1.1/components/psoc6mw/rtos/FreeRTOS/10.0.1/Source/portable/GCC/CM4F" -I"/Applications/ModusToolbox_1.1/libraries/psoc6sw-1.1/components/psoc6mw/ble" -I"/Applications/ModusToolbox_1.1/libraries/psoc6sw-1.1/components/psoc6pdl/drivers/source" -I"/Applications/ModusToolbox_1.1/libraries/psoc6sw-1.1/components/psoc6pdl/devices/psoc6/startup/cm4_low" -I"/Applications/ModusToolbox_1.1/libraries/psoc6sw-1.1/components/psoc6pdl/devices/psoc6/startup/cm4_high" -I"/Applications/ModusToolbox_1.1/libraries/psoc6sw-1.1/components/psoc6pdl/devices/psoc6/linker/cm4" -I"/Applications/ModusToolbox_1.1/libraries/psoc6sw-1.1/components/psoc6mw/rtos/FreeRTOS/10.0.1/Source/portable" -I"/Applications/ModusToolbox_1.1/libraries/psoc6sw-1.1/components/psoc6mw/rtos/FreeRTOS/10.0.1/Source" -I"/Applications/ModusToolbox_1.1/libraries/psoc6sw-1.1/components/psoc6mw/ble/config/base" -std=gnu11 -mfpu=fpv4-sp-d16 -ffat-lto-objects -g -MMD -MP -MF"GeneratedSource/cycfg_platform.d" -MT"GeneratedSource/cycfg_platform.o" -c -o "GeneratedSource/cycfg_platform.o" "../GeneratedSource/cycfg_platform.c"
Finished building: ../GeneratedSource/cycfg_peripherals.c
 
Building file: ../GeneratedSource/cycfg_routing.c
Invoking: GNU ARM Cross C Compiler
arm-none-eabi-gcc -mcpu=cortex-m4 -mthumb -mfloat-abi=softfp -Og -ffunction-sections -fdata-sections -Wall  -g3 -DCY8C6347BZI_BLD53 -DDEBUG -DAPP_NAME='"SendOnSwitch_cm4"' -I"/Users/tadmcallister/Onethinx/Onethinx_Modem/OnethinxATCommand/SendOnSwitch_mainapp/OnethinxCore" -I"/Applications/ModusToolbox_1.1/libraries/psoc6sw-1.1/components/psoc6mw/ble/common" -I"/Applications/ModusToolbox_1.1/libraries/psoc6sw-1.1/components/psoc6mw/ble/config/single_cm4_softfp" -I"/Applications/ModusToolbox_1.1/libraries/psoc6sw-1.1/components/psoc6pdl/devices/psoc6/include" -I"/Applications/ModusToolbox_1.1/libraries/psoc6sw-1.1/components/psoc6pdl/cmsis/include" -I"/Applications/ModusToolbox_1.1/libraries/psoc6sw-1.1/components/psoc6pdl/drivers/include" -I"/Users/tadmcallister/Onethinx/Onethinx_Modem/OnethinxATCommand/SendOnSwitch_mainapp/GeneratedSource" -I"/Users/tadmcallister/Onethinx/Onethinx_Modem/OnethinxATCommand/SendOnSwitch_mainapp/Source" -I"/Applications/ModusToolbox_1.1/libraries/psoc6sw-1.1/components/psoc6mw/rtos/FreeRTOS/10.0.1/Source/include" -I"/Applications/ModusToolbox_1.1/libraries/psoc6sw-1.1/components/psoc6mw/rtos/FreeRTOS/10.0.1/Source/portable/GCC/CM4F" -I"/Applications/ModusToolbox_1.1/libraries/psoc6sw-1.1/components/psoc6mw/ble" -I"/Applications/ModusToolbox_1.1/libraries/psoc6sw-1.1/components/psoc6pdl/drivers/source" -I"/Applications/ModusToolbox_1.1/libraries/psoc6sw-1.1/components/psoc6pdl/devices/psoc6/startup/cm4_low" -I"/Applications/ModusToolbox_1.1/libraries/psoc6sw-1.1/components/psoc6pdl/devices/psoc6/startup/cm4_high" -I"/Applications/ModusToolbox_1.1/libraries/psoc6sw-1.1/components/psoc6pdl/devices/psoc6/linker/cm4" -I"/Applications/ModusToolbox_1.1/libraries/psoc6sw-1.1/components/psoc6mw/rtos/FreeRTOS/10.0.1/Source/portable" -I"/Applications/ModusToolbox_1.1/libraries/psoc6sw-1.1/components/psoc6mw/rtos/FreeRTOS/10.0.1/Source" -I"/Applications/ModusToolbox_1.1/libraries/psoc6sw-1.1/components/psoc6mw/ble/config/base" -std=gnu11 -mfpu=fpv4-sp-d16 -ffat-lto-objects -g -MMD -MP -MF"GeneratedSource/cycfg_routing.d" -MT"GeneratedSource/cycfg_routing.o" -c -o "GeneratedSource/cycfg_routing.o" "../GeneratedSource/cycfg_routing.c"
Finished building: ../GeneratedSource/cycfg_routing.c
 
Finished building: ../GeneratedSource/cycfg_pins.c
 
Finished building: ../GeneratedSource/cycfg_platform.c
 
Building target: SendOnSwitch_mainapp.elf
Invoking: GNU ARM Cross C Linker
arm-none-eabi-gcc -mcpu=cortex-m4 -mthumb -mfloat-abi=softfp -Og -ffunction-sections -fdata-sections -Wall  -g3 -T "/Users/tadmcallister/Onethinx/Onethinx_Modem/OnethinxATCommand/SendOnSwitch_mainapp/cy8c6xx7_cm4_dual.ld" -Xlinker --gc-sections -Wl,-Map,"SendOnSwitch_mainapp.map" --specs=nano.specs -ffat-lto-objects -g --enable-objc-gc -mfpu=fpv4-sp-d16 -o "SendOnSwitch_mainapp.elf" -Wl,--start-group  ./psoc6sw-1.1/components/psoc6pdl/devices/psoc6/startup/gcc/startup_psoc6_01_cm4.o  ./psoc6sw-1.1/components/psoc6pdl/devices/psoc6/startup/system_psoc6_cm4.o  ./psoc6sw-1.1/components/psoc6mw/rtos/FreeRTOS/10.0.1/Source/portable/MemMang/heap_1.o ./psoc6sw-1.1/components/psoc6mw/rtos/FreeRTOS/10.0.1/Source/portable/MemMang/heap_2.o ./psoc6sw-1.1/components/psoc6mw/rtos/FreeRTOS/10.0.1/Source/portable/MemMang/heap_3.o ./psoc6sw-1.1/components/psoc6mw/rtos/FreeRTOS/10.0.1/Source/portable/MemMang/heap_4.o ./psoc6sw-1.1/components/psoc6mw/rtos/FreeRTOS/10.0.1/Source/portable/MemMang/heap_5.o  ./psoc6sw-1.1/components/psoc6mw/rtos/FreeRTOS/10.0.1/Source/portable/GCC/CM4F/port.o  ./psoc6sw-1.1/components/psoc6mw/rtos/FreeRTOS/10.0.1/Source/croutine.o ./psoc6sw-1.1/components/psoc6mw/rtos/FreeRTOS/10.0.1/Source/event_groups.o ./psoc6sw-1.1/components/psoc6mw/rtos/FreeRTOS/10.0.1/Source/list.o ./psoc6sw-1.1/components/psoc6mw/rtos/FreeRTOS/10.0.1/Source/queue.o ./psoc6sw-1.1/components/psoc6mw/rtos/FreeRTOS/10.0.1/Source/stream_buffer.o ./psoc6sw-1.1/components/psoc6mw/rtos/FreeRTOS/10.0.1/Source/tasks.o ./psoc6sw-1.1/components/psoc6mw/rtos/FreeRTOS/10.0.1/Source/timers.o  ./psoc6sw-1.1/components/psoc6mw/ble/common/cy_ble_common.o  ./psoc6sw-1.1/components/psoc6mw/ble/cy_ble.o ./psoc6sw-1.1/components/psoc6mw/ble/cy_ble_aios.o ./psoc6sw-1.1/components/psoc6mw/ble/cy_ble_ancs.o ./psoc6sw-1.1/components/psoc6mw/ble/cy_ble_ans.o ./psoc6sw-1.1/components/psoc6mw/ble/cy_ble_bas.o ./psoc6sw-1.1/components/psoc6mw/ble/cy_ble_bcs.o ./psoc6sw-1.1/components/psoc6mw/ble/cy_ble_bls.o ./psoc6sw-1.1/components/psoc6mw/ble/cy_ble_bms.o ./psoc6sw-1.1/components/psoc6mw/ble/cy_ble_bts.o ./psoc6sw-1.1/components/psoc6mw/ble/cy_ble_cgms.o ./psoc6sw-1.1/components/psoc6mw/ble/cy_ble_controller.o ./psoc6sw-1.1/components/psoc6mw/ble/cy_ble_cps.o ./psoc6sw-1.1/components/psoc6mw/ble/cy_ble_cscs.o ./psoc6sw-1.1/components/psoc6mw/ble/cy_ble_cts.o ./psoc6sw-1.1/components/psoc6mw/ble/cy_ble_custom.o ./psoc6sw-1.1/components/psoc6mw/ble/cy_ble_dis.o ./psoc6sw-1.1/components/psoc6mw/ble/cy_ble_ess.o ./psoc6sw-1.1/components/psoc6mw/ble/cy_ble_event_handler.o ./psoc6sw-1.1/components/psoc6mw/ble/cy_ble_gap.o ./psoc6sw-1.1/components/psoc6mw/ble/cy_ble_gatt.o ./psoc6sw-1.1/components/psoc6mw/ble/cy_ble_gls.o ./psoc6sw-1.1/components/psoc6mw/ble/cy_ble_hal_int.o ./psoc6sw-1.1/components/psoc6mw/ble/cy_ble_hal_pvt.o ./psoc6sw-1.1/components/psoc6mw/ble/cy_ble_hids.o ./psoc6sw-1.1/components/psoc6mw/ble/cy_ble_hps.o ./psoc6sw-1.1/components/psoc6mw/ble/cy_ble_hrs.o ./psoc6sw-1.1/components/psoc6mw/ble/cy_ble_hts.o ./psoc6sw-1.1/components/psoc6mw/ble/cy_ble_ias.o ./psoc6sw-1.1/components/psoc6mw/ble/cy_ble_ips.o ./psoc6sw-1.1/components/psoc6mw/ble/cy_ble_lls.o ./psoc6sw-1.1/components/psoc6mw/ble/cy_ble_lns.o ./psoc6sw-1.1/components/psoc6mw/ble/cy_ble_ndcs.o ./psoc6sw-1.1/components/psoc6mw/ble/cy_ble_pass.o ./psoc6sw-1.1/components/psoc6mw/ble/cy_ble_plxs.o ./psoc6sw-1.1/components/psoc6mw/ble/cy_ble_rscs.o ./psoc6sw-1.1/components/psoc6mw/ble/cy_ble_rtus.o ./psoc6sw-1.1/components/psoc6mw/ble/cy_ble_scps.o ./psoc6sw-1.1/components/psoc6mw/ble/cy_ble_tps.o ./psoc6sw-1.1/components/psoc6mw/ble/cy_ble_uds.o ./psoc6sw-1.1/components/psoc6mw/ble/cy_ble_wpts.o ./psoc6sw-1.1/components/psoc6mw/ble/cy_ble_wss.o  ./Source/ATinterface.o ./Source/BLE_Task.o ./Source/LED_Task.o ./Source/main.o  ./OnethinxCore/OnethinxCore01.o  ./GeneratedSource/cycfg.o ./GeneratedSource/cycfg_ble.o ./GeneratedSource/cycfg_clocks.o ./GeneratedSource/cycfg_peripherals.o ./GeneratedSource/cycfg_pins.o ./GeneratedSource/cycfg_platform.o ./GeneratedSource/cycfg_routing.o  /Users/tadmcallister/Onethinx/Onethinx_Modem/OnethinxATCommand/psoc6pdl_Cortex-M4/Debug/libpsoc6pdl_Cortex-M4.a /Applications/ModusToolbox_1.1/libraries/psoc6sw-1.1/components/psoc6mw/ble/lib/cy_ble_stack_gcc_soc_cm4.a /Applications/ModusToolbox_1.1/libraries/psoc6sw-1.1/components/psoc6mw/ble/lib/cy_ble_stack_gcc_radio_max_cm0p.a  -Wl,--end-group
Finished building target: SendOnSwitch_mainapp.elf
 
make --no-print-directory post-build
/Applications/ModusToolbox_1.1/tools/modus-shell-1.0/bin/bash --norc --noprofile /Applications/ModusToolbox_1.1/libraries/psoc6sw-1.1/makefiles/platforms/PSoC6_cm4_single/cymcuelftool_postbuild.bash /Applications/ModusToolbox_1.1/tools/cymcuelftool-1.0/bin/cymcuelftool /Users/tadmcallister/Onethinx/Onethinx_Modem/OnethinxATCommand/SendOnSwitch_mainapp/Debug/SendOnSwitch_mainapp.elf ARM_CM4
Script: cymcuelftool_postbuild
1: MCUELFTOOL_LOC : /Applications/ModusToolbox_1.1/tools/cymcuelftool-1.0/bin/cymcuelftool
2: CM4_LOC : /Users/tadmcallister/Onethinx/Onethinx_Modem/OnethinxATCommand/SendOnSwitch_mainapp/Debug/SendOnSwitch_mainapp.elf

No ELF section .cychecksum found, creating one
Application checksum calculated and stored in ELF section .cychecksum
No ELF section .cymeta found, creating one
Checksum calculated and stored in ELF section .cymeta

=========================================
== Application CM4 Memory ==
=========================================
code:187892	sram:67588

 

11:43:54 Build Finished (took 8s.919ms)

